<?xml version="1.0" encoding="UTF-8"?>
<testsuite xmlns:xsi="http://www.w3.org/2001/XMLSchema-instance" xsi:noNamespaceSchemaLocation="https://maven.apache.org/surefire/maven-surefire-plugin/xsd/surefire-test-report.xsd" name="assignment.TestCase" time="0.188" tests="15" errors="0" skipped="0" failures="0">
  <properties>
[...]
</properties>
  <testcase name="test10" classname="assignment.TestCase" time="0.024"/>
  <testcase name="test11" classname="assignment.TestCase" time="0.004"/>
  <testcase name="test12" classname="assignment.TestCase" time="0.001"/>
  <testcase name="test13" classname="assignment.TestCase" time="0.001"/>
  <testcase name="test14" classname="assignment.TestCase" time="0.001"/>
  <testcase name="test15" classname="assignment.TestCase" time="0.001"/>
  <testcase name="test1" classname="assignment.TestCase" time="0.001"/>
  <testcase name="test2" classname="assignment.TestCase" time="0.002"/>
  <testcase name="test3" classname="assignment.TestCase" time="0.001"/>
  <testcase name="test4" classname="assignment.TestCase" time="0.001"/>
  <testcase name="test5" classname="assignment.TestCase" time="0.001"/>
  <testcase name="test6" classname="assignment.TestCase" time="0.001"/>
  <testcase name="test7" classname="assignment.TestCase" time="0.001"/>
  <testcase name="test8" classname="assignment.TestCase" time="0.003"/>
  <testcase name="test9" classname="assignment.TestCase" time="0"/>
</testsuite>